<?xml version="1.0" encoding="UTF-8"?>
<testng-results ignored="0" total="4" passed="3" failed="1" skipped="0">
  <reporter-output>
  </reporter-output>
  <suite started-at="2023-06-15T01:50:28 BRT" name="Suite" finished-at="2023-06-15T01:50:58 BRT" duration-ms="30075">
    <groups>
    </groups>
    <test started-at="2023-06-15T01:50:28 BRT" name="Test" finished-at="2023-06-15T01:50:58 BRT" duration-ms="30075">
      <class name="test.java.Unidas">
        <test-method is-config="true" signature="beforeTest()[pri:0, instance:test.java.Unidas@5bfa9431]" started-at="2023-06-15T01:50:28 BRT" name="beforeTest" finished-at="2023-06-15T01:50:32 BRT" duration-ms="4170" status="PASS">
          <reporter-output>
          </reporter-output>
        </test-method> <!-- beforeTest -->
        <test-method signature="procurarCidadeInvalida()[pri:0, instance:test.java.Unidas@5bfa9431]" started-at="2023-06-15T01:50:32 BRT" name="procurarCidadeInvalida" finished-at="2023-06-15T01:50:41 BRT" duration-ms="8394" status="PASS">
          <reporter-output>
          </reporter-output>
        </test-method> <!-- procurarCidadeInvalida -->
        <test-method signature="procurarCidadeValida()[pri:0, instance:test.java.Unidas@5bfa9431]" started-at="2023-06-15T01:50:41 BRT" name="procurarCidadeValida" finished-at="2023-06-15T01:50:47 BRT" duration-ms="6159" status="PASS">
          <reporter-output>
          </reporter-output>
        </test-method> <!-- procurarCidadeValida -->
        <test-method signature="retiradaDevolucaoDiferentes()[pri:0, instance:test.java.Unidas@5bfa9431]" started-at="2023-06-15T01:50:47 BRT" name="retiradaDevolucaoDiferentes" finished-at="2023-06-15T01:50:52 BRT" duration-ms="5116" status="PASS">
          <reporter-output>
          </reporter-output>
        </test-method> <!-- retiradaDevolucaoDiferentes -->
        <test-method signature="selecionarGrupoDeVeiculos()[pri:0, instance:test.java.Unidas@5bfa9431]" started-at="2023-06-15T01:50:52 BRT" name="selecionarGrupoDeVeiculos" finished-at="2023-06-15T01:50:58 BRT" duration-ms="6085" status="FAIL">
          <exception class="org.openqa.selenium.ElementClickInterceptedException">
            <message>
              <![CDATA[element click intercepted: Element is not clickable at point (194, 962)
  (Session info: chrome=104.0.5112.101)
Build info: version: '4.7.2', revision: '4d4020c3b7'
System info: os.name: 'Linux', os.arch: 'amd64', os.version: '5.15.0-73-generic', java.version: '17.0.7'
Driver info: org.openqa.selenium.chrome.ChromeDriver
Command: [de9e7e34331ddf06287d83e6b13dcb96, clickElement {id=b098760c-5220-4e99-ac6a-e5ac00d4525a}]
Capabilities {acceptInsecureCerts: false, browserName: chrome, browserVersion: 104.0.5112.101, chrome: {chromedriverVersion: 104.0.5112.79 (3cf3e8c8a07d..., userDataDir: /tmp/.com.google.Chrome.91g42o}, goog:chromeOptions: {debuggerAddress: localhost:45015}, networkConnectionEnabled: false, pageLoadStrategy: normal, platformName: LINUX, proxy: Proxy(), se:cdp: ws://localhost:45015/devtoo..., se:cdpVersion: 104.0.5112.101, setWindowRect: true, strictFileInteractability: false, timeouts: {implicit: 0, pageLoad: 300000, script: 30000}, unhandledPromptBehavior: dismiss and notify, webauthn:extension:credBlob: true, webauthn:extension:largeBlob: true, webauthn:virtualAuthenticators: true}
Element: [[ChromeDriver: chrome on LINUX (de9e7e34331ddf06287d83e6b13dcb96)] -> xpath: (//span[@class='label'][normalize-space()='Pagar na retirada'])[1]]
Session ID: de9e7e34331ddf06287d83e6b13dcb96]]>
            </message>
            <full-stacktrace>
              <![CDATA[org.openqa.selenium.ElementClickInterceptedException: element click intercepted: Element is not clickable at point (194, 962)
  (Session info: chrome=104.0.5112.101)
Build info: version: '4.7.2', revision: '4d4020c3b7'
System info: os.name: 'Linux', os.arch: 'amd64', os.version: '5.15.0-73-generic', java.version: '17.0.7'
Driver info: org.openqa.selenium.chrome.ChromeDriver
Command: [de9e7e34331ddf06287d83e6b13dcb96, clickElement {id=b098760c-5220-4e99-ac6a-e5ac00d4525a}]
Capabilities {acceptInsecureCerts: false, browserName: chrome, browserVersion: 104.0.5112.101, chrome: {chromedriverVersion: 104.0.5112.79 (3cf3e8c8a07d..., userDataDir: /tmp/.com.google.Chrome.91g42o}, goog:chromeOptions: {debuggerAddress: localhost:45015}, networkConnectionEnabled: false, pageLoadStrategy: normal, platformName: LINUX, proxy: Proxy(), se:cdp: ws://localhost:45015/devtoo..., se:cdpVersion: 104.0.5112.101, setWindowRect: true, strictFileInteractability: false, timeouts: {implicit: 0, pageLoad: 300000, script: 30000}, unhandledPromptBehavior: dismiss and notify, webauthn:extension:credBlob: true, webauthn:extension:largeBlob: true, webauthn:virtualAuthenticators: true}
Element: [[ChromeDriver: chrome on LINUX (de9e7e34331ddf06287d83e6b13dcb96)] -> xpath: (//span[@class='label'][normalize-space()='Pagar na retirada'])[1]]
Session ID: de9e7e34331ddf06287d83e6b13dcb96
at java.base/jdk.internal.reflect.NativeConstructorAccessorImpl.newInstance0(Native Method)
at java.base/jdk.internal.reflect.NativeConstructorAccessorImpl.newInstance(NativeConstructorAccessorImpl.java:77)
at java.base/jdk.internal.reflect.DelegatingConstructorAccessorImpl.newInstance(DelegatingConstructorAccessorImpl.java:45)
at java.base/java.lang.reflect.Constructor.newInstanceWithCaller(Constructor.java:499)
at java.base/java.lang.reflect.Constructor.newInstance(Constructor.java:480)
at org.openqa.selenium.remote.codec.w3c.W3CHttpResponseCodec.createException(W3CHttpResponseCodec.java:200)
at org.openqa.selenium.remote.codec.w3c.W3CHttpResponseCodec.decode(W3CHttpResponseCodec.java:133)
at org.openqa.selenium.remote.codec.w3c.W3CHttpResponseCodec.decode(W3CHttpResponseCodec.java:53)
at org.openqa.selenium.remote.HttpCommandExecutor.execute(HttpCommandExecutor.java:184)
at org.openqa.selenium.remote.service.DriverCommandExecutor.invokeExecute(DriverCommandExecutor.java:167)
at org.openqa.selenium.remote.service.DriverCommandExecutor.execute(DriverCommandExecutor.java:142)
at org.openqa.selenium.remote.RemoteWebDriver.execute(RemoteWebDriver.java:535)
at org.openqa.selenium.remote.RemoteWebElement.execute(RemoteWebElement.java:257)
at org.openqa.selenium.remote.RemoteWebElement.click(RemoteWebElement.java:78)
at test.java.Unidas.selecionarGrupoDeVeiculos(Unidas.java:98)
at java.base/jdk.internal.reflect.NativeMethodAccessorImpl.invoke0(Native Method)
at java.base/jdk.internal.reflect.NativeMethodAccessorImpl.invoke(NativeMethodAccessorImpl.java:77)
at java.base/jdk.internal.reflect.DelegatingMethodAccessorImpl.invoke(DelegatingMethodAccessorImpl.java:43)
at java.base/java.lang.reflect.Method.invoke(Method.java:568)
at org.testng.internal.invokers.MethodInvocationHelper.invokeMethod(MethodInvocationHelper.java:139)
at org.testng.internal.invokers.TestInvoker.invokeMethod(TestInvoker.java:677)
at org.testng.internal.invokers.TestInvoker.invokeTestMethod(TestInvoker.java:221)
at org.testng.internal.invokers.MethodRunner.runInSequence(MethodRunner.java:50)
at org.testng.internal.invokers.TestInvoker$MethodInvocationAgent.invoke(TestInvoker.java:969)
at org.testng.internal.invokers.TestInvoker.invokeTestMethods(TestInvoker.java:194)
at org.testng.internal.invokers.TestMethodWorker.invokeTestMethods(TestMethodWorker.java:148)
at org.testng.internal.invokers.TestMethodWorker.run(TestMethodWorker.java:128)
at java.base/java.util.ArrayList.forEach(ArrayList.java:1511)
at org.testng.TestRunner.privateRun(TestRunner.java:829)
at org.testng.TestRunner.run(TestRunner.java:602)
at org.testng.SuiteRunner.runTest(SuiteRunner.java:437)
at org.testng.SuiteRunner.runSequentially(SuiteRunner.java:431)
at org.testng.SuiteRunner.privateRun(SuiteRunner.java:391)
at org.testng.SuiteRunner.run(SuiteRunner.java:330)
at org.testng.SuiteRunnerWorker.runSuite(SuiteRunnerWorker.java:52)
at org.testng.SuiteRunnerWorker.run(SuiteRunnerWorker.java:95)
at org.testng.TestNG.runSuitesSequentially(TestNG.java:1256)
at org.testng.TestNG.runSuitesLocally(TestNG.java:1176)
at org.testng.TestNG.runSuites(TestNG.java:1099)
at org.testng.TestNG.run(TestNG.java:1067)
at org.apache.maven.surefire.testng.TestNGExecutor.run(TestNGExecutor.java:284)
at org.apache.maven.surefire.testng.TestNGXmlTestSuite.execute(TestNGXmlTestSuite.java:75)
at org.apache.maven.surefire.testng.TestNGProvider.invoke(TestNGProvider.java:119)
at org.apache.maven.surefire.booter.ForkedBooter.runSuitesInProcess(ForkedBooter.java:428)
at org.apache.maven.surefire.booter.ForkedBooter.execute(ForkedBooter.java:162)
at org.apache.maven.surefire.booter.ForkedBooter.run(ForkedBooter.java:562)
at org.apache.maven.surefire.booter.ForkedBooter.main(ForkedBooter.java:548)
]]>
            </full-stacktrace>
          </exception> <!-- org.openqa.selenium.ElementClickInterceptedException -->
          <reporter-output>
          </reporter-output>
        </test-method> <!-- selecionarGrupoDeVeiculos -->
        <test-method is-config="true" signature="quit()[pri:0, instance:test.java.Unidas@5bfa9431]" started-at="2023-06-15T01:50:58 BRT" name="quit" finished-at="2023-06-15T01:50:58 BRT" duration-ms="107" status="PASS">
          <reporter-output>
          </reporter-output>
        </test-method> <!-- quit -->
      </class> <!-- test.java.Unidas -->
    </test> <!-- Test -->
  </suite> <!-- Suite -->
</testng-results>
